build/app/outputs/mapping/release/seeds.txt
com.eshieldvendor.primocys.MainActivity
com.eshieldvendor.primocys.MainActivity: MainActivity()
...
com.google.firebase.messaging.FirebaseMessagingRegistrar
com.google.android.material.internal.NavigationMenuItemView: NavigationMenuItemView(android.content.Context,android.util.AttributeSet)
androidx.window.R$id: int androidx_window_activity_scope
com.google.android.material.floatingactionbutton.FloatingActionButton: com.google.android.material.floatingactionbutton.FloatingActionButtonImpl getImpl()
com.google.firestore.v1.TargetChange: int targetChangeType_
androidx.window.layout.FoldingFeature: androidx.window.layout.FoldingFeature$OcclusionType getOcclusionType()
com.google.firestore.v1.Cursor
com.google.android.datatransport.runtime.backends.BackendResponse$Status: com.google.android.datatransport.runtime.backends.BackendResponse$Status valueOf(java.lang.String)
androidx.appcompat.widget.ContentFrameLayout
androidx.window.layout.FoldingFeature$OcclusionType: androidx.window.layout.FoldingFeature$OcclusionType$Companion Companion
com.sangcomz.fishbun.util.TouchImageView$State: com.sangcomz.fishbun.util.TouchImageView$State[] values()
com.google.type.LatLng
com.google.firestore.v1.Document: int CREATE_TIME_FIELD_NUMBER
androidx.vectordrawable.graphics.drawable.VectorDrawableCompat$VGroup: float getScaleY()
com.google.firestore.v1.DocumentChange: com.google.firestore.v1.Document document_
io.flutter.plugin.editing.ImeSyncDeferringInsetsCallback: ImeSyncDeferringInsetsCallback(android.view.View,int,int)
io.flutter.embedding.engine.mutatorsstack.FlutterMutatorsStack: android.graphics.Matrix finalMatrix
io.flutter.embedding.engine.systemchannels.TextInputChannel$TextInputType: io.flutter.embedding.engine.systemchannels.TextInputChannel$TextInputType valueOf(java.lang.String)
androidx.appcompat.widget.ActionBarContextView: java.lang.CharSequence getTitle()
androidx.window.layout.ExtensionWindowLayoutInfoBackend$MulticastConsumer: ExtensionWindowLayoutInfoBackend$MulticastConsumer(android.app.Activity)
kotlinx.coroutines.android.AndroidExceptionPreHandler: AndroidExceptionPreHandler()
org.chromium.support_lib_boundary.SafeBrowsingResponseBoundaryInterface: void showInterstitial(boolean)
io.flutter.embedding.engine.mutatorsstack.FlutterMutatorView: android.graphics.Matrix getPlatformViewMatrix()
kotlinx.coroutines.android.AndroidDispatcherFactory: AndroidDispatcherFactory()
androidx.window.embedding.SplitController: void access$setStaticSplitRules(androidx.window.embedding.SplitController,java.util.Set)
kotlin.coroutines.AbstractCoroutineContextElement: kotlin.coroutines.CoroutineContext minusKey(kotlin.coroutines.CoroutineContext$Key)
com.google.firestore.v1.ExistenceFilter: int TARGET_ID_FIELD_NUMBER
com.google.android.gms.internal.measurement.zzgt
com.google.firestore.v1.WriteResult: com.google.firestore.v1.WriteResult DEFAULT_INSTANCE
com.google.firestore.v1.Precondition: com.google.protobuf.Parser PARSER
com.google.firebase.auth.GoogleAuthCredential: android.os.Parcelable$Creator CREATOR
com.google.android.gms.internal.measurement.zzex: int zza
androidx.appcompat.widget.Toolbar: void setNavigationContentDescription(int)
com.google.android.gms.internal.measurement.zzfw: long zzM
io.flutter.embedding.engine.FlutterJNI: void nativeUnregisterTexture(long,long)
androidx.window.layout.SidecarWindowBackend$WindowLayoutChangeCallbackWrapper: void setLastInfo(androidx.window.layout.WindowLayoutInfo)
com.google.firestore.v1.BatchGetDocumentsRequest
com.google.firestore.v1.StructuredQuery$UnaryFilter: int operandTypeCase_
com.google.android.gms.internal.measurement.zzfw: com.google.android.gms.internal.measurement.zzkk zzi
com.google.android.gms.internal.firebase-auth-api.zzhg: com.google.android.gms.internal.firebase-auth-api.zzyu zzg
com.google.firebase.database.core.operation.Operation$OperationType: com.google.firebase.database.core.operation.Operation$OperationType valueOf(java.lang.String)