build/app/outputs/mapping/release/mapping.txt
# compiler: R8
# compiler_version: 2.1.62
# min_api: 21
# pg_map_id: d1b556c
# common_typos_disable
...
kotlinx.coroutines.internal.LockFreeTaskQueueCore$Placeholder -> kotlinx.coroutines.internal.q$b:
    int index -> a
kotlinx.coroutines.internal.MainDispatcherLoader -> kotlinx.coroutines.internal.r:
    kotlinx.coroutines.internal.MainDispatcherLoader INSTANCE -> a
    kotlinx.coroutines.MainCoroutineDispatcher dispatcher -> c
    boolean FAST_SERVICE_LOADER_ENABLED -> b
    kotlinx.coroutines.MainCoroutineDispatcher loadMainDispatcher() -> a
kotlinx.coroutines.internal.MainDispatchersKt -> kotlinx.coroutines.internal.s:
    boolean SUPPORT_MISSING -> a
    kotlinx.coroutines.internal.MissingMainCoroutineDispatcher createMissingDispatcher(java.lang.Throwable,java.lang.String) -> a
    kotlinx.coroutines.internal.MissingMainCoroutineDispatcher createMissingDispatcher$default(java.lang.Throwable,java.lang.String,int,java.lang.Object) -> b
    java.lang.Void throwMissingMainDispatcherException() -> c
    kotlinx.coroutines.MainCoroutineDispatcher tryCreateDispatcher(kotlinx.coroutines.internal.MainDispatcherFactory,java.util.List) -> d
kotlinx.coroutines.internal.MissingMainCoroutineDispatcher -> kotlinx.coroutines.internal.t:
    java.lang.Throwable cause -> q
    java.lang.String errorHint -> r
    java.lang.Void dispatch(kotlin.coroutines.CoroutineContext,java.lang.Runnable) -> B
    java.lang.Void missing() -> D
    void dispatch(kotlin.coroutines.CoroutineContext,java.lang.Runnable) -> f
    boolean isDispatchNeeded(kotlin.coroutines.CoroutineContext) -> h
    kotlinx.coroutines.MainCoroutineDispatcher getImmediate() -> z
kotlinx.coroutines.internal.OnUndeliveredElementKt -> kotlinx.coroutines.internal.u:
    kotlin.jvm.functions.Function1 bindCancellationFun(kotlin.jvm.functions.Function1,java.lang.Object,kotlin.coroutines.CoroutineContext) -> a
    void callUndeliveredElement(kotlin.jvm.functions.Function1,java.lang.Object,kotlin.coroutines.CoroutineContext) -> b
    kotlinx.coroutines.internal.UndeliveredElementException callUndeliveredElementCatchingException(kotlin.jvm.functions.Function1,java.lang.Object,kotlinx.coroutines.internal.UndeliveredElementException) -> c
    kotlinx.coroutines.internal.UndeliveredElementException callUndeliveredElementCatchingException$default(kotlin.jvm.functions.Function1,java.lang.Object,kotlinx.coroutines.internal.UndeliveredElementException,int,java.lang.Object) -> d
kotlinx.coroutines.internal.OnUndeliveredElementKt$bindCancellationFun$1 -> kotlinx.coroutines.internal.u$a:
    kotlin.jvm.functions.Function1 $this_bindCancellationFun -> p
    java.lang.Object $element -> q
    kotlin.coroutines.CoroutineContext $context -> r
    void invoke(java.lang.Throwable) -> a
kotlinx.coroutines.internal.OpDescriptor -> kotlinx.coroutines.internal.v:
    kotlinx.coroutines.internal.AtomicOp getAtomicOp() -> a
    boolean isEarlierThan(kotlinx.coroutines.internal.OpDescriptor) -> b
    java.lang.Object perform(java.lang.Object) -> c
kotlinx.coroutines.internal.Removed -> kotlinx.coroutines.internal.w:
    kotlinx.coroutines.internal.LockFreeLinkedListNode ref -> a
kotlinx.coroutines.internal.ScopeCoroutine -> kotlinx.coroutines.internal.x:
    kotlin.coroutines.Continuation uCont -> r
    boolean isScopedCoroutine() -> T
    void afterResume(java.lang.Object) -> s0
    void afterCompletion(java.lang.Object) -> t
    kotlinx.coroutines.Job getParent$kotlinx_coroutines_core() -> w0