build/app/outputs/mapping/release/usage.txt
com.eshieldvendor.primocys.R$color
com.eshieldvendor.primocys.R$dimen
com.eshieldvendor.primocys.R$xml
com.eshieldvendor.primocys.R$anim
com.eshieldvendor.primocys.R$integer
com.eshieldvendor.primocys.R$menu
com.eshieldvendor.primocys.R$layout
com.eshieldvendor.primocys.R$animator
com.eshieldvendor.primocys.R$style
com.eshieldvendor.primocys.BuildConfig
com.eshieldvendor.primocys.R$mipmap
com.eshieldvendor.primocys.R$string
com.eshieldvendor.primocys.R$styleable
com.eshieldvendor.primocys.R$bool
com.eshieldvendor.primocys.R$interpolator
com.eshieldvendor.primocys.R$attr
com.eshieldvendor.primocys.R$id
com.eshieldvendor.primocys.R
com.eshieldvendor.primocys.R$drawable
...
androidx.core.widget.CheckedTextViewCompat$Api16Impl
androidx.fragment.app.FragmentStatePagerAdapter
com.google.protobuf.UnknownFieldSetLite:
    private com.google.protobuf.UnknownFieldSetLite mergeFrom(com.google.protobuf.CodedInputStream)
    public void writeTo(com.google.protobuf.CodedOutputStream)
    public void writeAsMessageSetTo(com.google.protobuf.CodedOutputStream)
    boolean mergeFieldFrom(int,com.google.protobuf.CodedInputStream)
    com.google.protobuf.UnknownFieldSetLite mergeVarintField(int,int)
    com.google.protobuf.UnknownFieldSetLite mergeLengthDelimitedField(int,com.google.protobuf.ByteString)
    private static final int MIN_CAPACITY
androidx.annotation.InspectableProperty$FlagEntry
com.google.common.io.BaseEncoding$4
com.google.common.util.concurrent.AggregateFuture
com.google.common.html.HtmlEscapers
io.grpc.stub.ServerCalls$StreamingServerCallHandler$StreamingServerCallListener
com.google.android.gms.common.api.internal.ListenerHolder:
    public final boolean hasListener()
com.google.android.gms.internal.auth-api.zzt
com.google.api.ControlOrBuilder
com.google.common.cache.RemovalCause$2
com.google.android.gms.common.SignInButton
kotlinx.coroutines.flow.FlowKt__TransformKt$filter$$inlined$unsafeTransform$1$2
kotlin.collections.ArraysKt___ArraysJvmKt$asList$5
kotlin.ULongArray$Iterator
com.bumptech.glide.load.resource.bitmap.BitmapDrawableTransformation
com.google.common.collect.Synchronized$SynchronizedBiMap
com.google.protobuf.BinaryWriter
com.google.firestore.v1.MapValue$FieldsDefaultEntryHolder:
    private void <init>()
com.bumptech.glide.signature.AndroidResourceSignature
androidx.browser.customtabs.CustomTabsServiceConnection$1
com.google.android.material.bottomappbar.BottomAppBar:
    public void <init>(android.content.Context)
    public void <init>(android.content.Context,android.util.AttributeSet)
    public void <init>(android.content.Context,android.util.AttributeSet,int)
    private void maybeAnimateAttachChange(boolean)
    private void createCradleShapeAnimation(boolean,java.util.List)
    private void createFabTranslationYAnimation(boolean,java.util.List)
    static synthetic android.animation.Animator access$502(com.google.android.material.bottomappbar.BottomAppBar,android.animation.Animator)
    static synthetic boolean access$600(com.google.android.material.bottomappbar.BottomAppBar)
    static synthetic void access$700(com.google.android.material.bottomappbar.BottomAppBar,boolean)
    static synthetic int access$800(com.google.android.material.bottomappbar.BottomAppBar)
    static synthetic void access$900(com.google.android.material.bottomappbar.BottomAppBar,int,boolean)
    public void replaceMenu(int)
    private static final long ANIMATION_DURATION
    public static final int FAB_ALIGNMENT_MODE_CENTER
    public static final int FAB_ALIGNMENT_MODE_END
com.google.common.util.concurrent.AbstractScheduledService$Scheduler
com.bumptech.glide.R$style
kotlin.BuilderInference
kotlinx.coroutines.internal.StackTraceRecoveryKt:
    public static final java.lang.Throwable recoverStackTrace(java.lang.Throwable,kotlin.coroutines.Continuation)
    public static final java.lang.Object recoverAndThrow(java.lang.Throwable,kotlin.coroutines.Continuation)
    private static final java.lang.Object recoverAndThrow$$forInline(java.lang.Throwable,kotlin.coroutines.Continuation)
    public static final java.lang.Throwable unwrap(java.lang.Throwable)
    public static final void initCause(java.lang.Throwable,java.lang.Throwable)
    public static synthetic void CoroutineStackFrame$annotations()
    public static synthetic void StackTraceElement$annotations()
    private static final java.lang.String baseContinuationImplClass
    private static final java.lang.String stackTraceRecoveryClass
com.baseflow.geolocator.R$style
kotlin.math.MathKt__MathJVMKt
com.google.common.collect.ImmutableSortedMap
com.google.api.UsageProto